# JRE version: OpenJDK Runtime Environment Temurin-11.0.18+10 (11.0.18+10) (build 11.0.18+10)
# Java VM: OpenJDK 64-Bit Server VM Temurin-11.0.18+10 (11.0.18+10, mixed mode, tiered, compressed oops, g1 gc, windows-amd64)
Heap:
 garbage-first heap   total 499712K, used 267715K [0x00000000c0000000, 0x0000000100000000)
  region size 1024K, 20 young (20480K), 4 survivors (4096K)
 Metaspace       used 46289K, capacity 48134K, committed 48384K, reserved 1091584K
  class space    used 4577K, capacity 5268K, committed 5376K, reserved 1048576K
GC Heap History (20 events):
Event: 106.692 GC heap before
{Heap before GC invocations=112 (full 0):
 garbage-first heap   total 499712K, used 366698K [0x00000000c0000000, 0x0000000100000000)
  region size 1024K, 148 young (151552K), 7 survivors (7168K)
 Metaspace       used 45467K, capacity 47055K, committed 47616K, reserved 1091584K
  class space    used 4516K, capacity 5153K, committed 5376K, reserved 1048576K
}
Event: 106.707 GC heap after
{Heap after GC invocations=113 (full 0):
 garbage-first heap   total 499712K, used 222315K [0x00000000c0000000, 0x0000000100000000)
  region size 1024K, 7 young (7168K), 7 survivors (7168K)
 Metaspace       used 45467K, capacity 47055K, committed 47616K, reserved 1091584K
  class space    used 4516K, capacity 5153K, committed 5376K, reserved 1048576K
}
Event: 109.568 GC heap before
{Heap before GC invocations=113 (full 0):
 garbage-first heap   total 499712K, used 375915K [0x00000000c0000000, 0x0000000100000000)
  region size 1024K, 157 young (160768K), 7 survivors (7168K)
 Metaspace       used 45683K, capacity 47450K, committed 47872K, reserved 1091584K
  class space    used 4538K, capacity 5210K, committed 5376K, reserved 1048576K
}
Event: 109.615 GC heap after
{Heap after GC invocations=114 (full 0):
 garbage-first heap   total 499712K, used 229797K [0x00000000c0000000, 0x0000000100000000)
  region size 1024K, 14 young (14336K), 14 survivors (14336K)
 Metaspace       used 45683K, capacity 47450K, committed 47872K, reserved 1091584K
  class space    used 4538K, capacity 5210K, committed 5376K, reserved 1048576K
}
Event: 113.402 GC heap before
{Heap before GC invocations=114 (full 0):
 garbage-first heap   total 499712K, used 385445K [0x00000000c0000000, 0x0000000100000000)
  region size 1024K, 166 young (169984K), 14 survivors (14336K)
 Metaspace       used 45795K, capacity 47534K, committed 47872K, reserved 1091584K
  class space    used 4539K, capacity 5213K, committed 5376K, reserved 1048576K
}
Event: 113.481 GC heap after
{Heap after GC invocations=115 (full 0):
 garbage-first heap   total 499712K, used 245829K [0x00000000c0000000, 0x0000000100000000)
  region size 1024K, 21 young (21504K), 21 survivors (21504K)
 Metaspace       used 45795K, capacity 47534K, committed 47872K, reserved 1091584K
  class space    used 4539K, capacity 5213K, committed 5376K, reserved 1048576K
}
Event: 117.817 GC heap before
{Heap before GC invocations=115 (full 0):
 garbage-first heap   total 499712K, used 391237K [0x00000000c0000000, 0x0000000100000000)
  region size 1024K, 163 young (166912K), 21 survivors (21504K)
 Metaspace       used 45858K, capacity 47637K, committed 47872K, reserved 1091584K
  class space    used 4544K, capacity 5221K, committed 5376K, reserved 1048576K
}
Event: 117.865 GC heap after
{Heap after GC invocations=116 (full 0):
 garbage-first heap   total 499712K, used 251331K [0x00000000c0000000, 0x0000000100000000)
  region size 1024K, 6 young (6144K), 6 survivors (6144K)
 Metaspace       used 45858K, capacity 47637K, committed 47872K, reserved 1091584K
  class space    used 4544K, capacity 5221K, committed 5376K, reserved 1048576K
}
Event: 121.179 GC heap before
{Heap before GC invocations=116 (full 0):
 garbage-first heap   total 499712K, used 397763K [0x00000000c0000000, 0x0000000100000000)
  region size 1024K, 149 young (152576K), 6 survivors (6144K)
 Metaspace       used 45933K, capacity 47669K, committed 47872K, reserved 1091584K
  class space    used 4555K, capacity 5253K, committed 5376K, reserved 1048576K
}
Event: 121.186 GC heap after
{Heap after GC invocations=117 (full 0):
 garbage-first heap   total 499712K, used 250184K [0x00000000c0000000, 0x0000000100000000)
  region size 1024K, 5 young (5120K), 5 survivors (5120K)
 Metaspace       used 45933K, capacity 47669K, committed 47872K, reserved 1091584K
  class space    used 4555K, capacity 5253K, committed 5376K, reserved 1048576K
}
Event: 123.927 GC heap before
{Heap before GC invocations=117 (full 0):
 garbage-first heap   total 499712K, used 402760K [0x00000000c0000000, 0x0000000100000000)
  region size 1024K, 154 young (157696K), 5 survivors (5120K)
 Metaspace       used 45983K, capacity 47741K, committed 47872K, reserved 1091584K
  class space    used 4558K, capacity 5253K, committed 5376K, reserved 1048576K
}
Event: 123.934 GC heap after
{Heap after GC invocations=118 (full 0):
 garbage-first heap   total 499712K, used 250040K [0x00000000c0000000, 0x0000000100000000)
  region size 1024K, 5 young (5120K), 5 survivors (5120K)
 Metaspace       used 45983K, capacity 47741K, committed 47872K, reserved 1091584K
  class space    used 4558K, capacity 5253K, committed 5376K, reserved 1048576K
}
Event: 127.304 GC heap before
{Heap before GC invocations=118 (full 0):
 garbage-first heap   total 499712K, used 405688K [0x00000000c0000000, 0x0000000100000000)
  region size 1024K, 158 young (161792K), 5 survivors (5120K)
 Metaspace       used 46065K, capacity 47808K, committed 48128K, reserved 1091584K
  class space    used 4567K, capacity 5254K, committed 5376K, reserved 1048576K
}
Event: 127.321 GC heap after
{Heap after GC invocations=119 (full 0):
 garbage-first heap   total 499712K, used 260035K [0x00000000c0000000, 0x0000000100000000)
  region size 1024K, 14 young (14336K), 14 survivors (14336K)
 Metaspace       used 46065K, capacity 47808K, committed 48128K, reserved 1091584K
  class space    used 4567K, capacity 5254K, committed 5376K, reserved 1048576K
}
Event: 131.160 GC heap before
{Heap before GC invocations=119 (full 0):
 garbage-first heap   total 499712K, used 411587K [0x00000000c0000000, 0x0000000100000000)
  region size 1024K, 163 young (166912K), 14 survivors (14336K)
 Metaspace       used 46189K, capacity 48001K, committed 48128K, reserved 1091584K
  class space    used 4575K, capacity 5268K, committed 5376K, reserved 1048576K
}
Event: 131.173 GC heap after
{Heap after GC invocations=120 (full 0):
 garbage-first heap   total 499712K, used 250638K [0x00000000c0000000, 0x0000000100000000)
  region size 1024K, 2 young (2048K), 2 survivors (2048K)
 Metaspace       used 46189K, capacity 48001K, committed 48128K, reserved 1091584K
  class space    used 4575K, capacity 5268K, committed 5376K, reserved 1048576K
}
Event: 135.840 GC heap before
{Heap before GC invocations=120 (full 0):
 garbage-first heap   total 499712K, used 416526K [0x00000000c0000000, 0x0000000100000000)
  region size 1024K, 165 young (168960K), 2 survivors (2048K)
 Metaspace       used 46232K, capacity 48002K, committed 48128K, reserved 1091584K
  class space    used 4575K, capacity 5268K, committed 5376K, reserved 1048576K
}
Event: 135.841 GC heap after
{Heap after GC invocations=121 (full 0):
 garbage-first heap   total 499712K, used 249123K [0x00000000c0000000, 0x0000000100000000)
  region size 1024K, 1 young (1024K), 1 survivors (1024K)
 Metaspace       used 46232K, capacity 48002K, committed 48128K, reserved 1091584K
  class space    used 4575K, capacity 5268K, committed 5376K, reserved 1048576K
}
Event: 140.610 GC heap before
{Heap before GC invocations=121 (full 0):
 garbage-first heap   total 499712K, used 423203K [0x00000000c0000000, 0x0000000100000000)
  region size 1024K, 171 young (175104K), 1 survivors (1024K)
 Metaspace       used 46289K, capacity 48134K, committed 48384K, reserved 1091584K
  class space    used 4577K, capacity 5268K, committed 5376K, reserved 1048576K
}
Event: 140.615 GC heap after
{Heap after GC invocations=122 (full 0):
 garbage-first heap   total 499712K, used 252355K [0x00000000c0000000, 0x0000000100000000)
  region size 1024K, 4 young (4096K), 4 survivors (4096K)
 Metaspace       used 46289K, capacity 48134K, committed 48384K, reserved 1091584K
  class space    used 4577K, capacity 5268K, committed 5376K, reserved 1048576K
}

